[2025-09-28 07:45:26] [INFO ] [ObjectTests_New:53] - ******Object Creation test****
[2025-09-28 07:45:28] [INFO ] [ObjectTests_New:61] - ******Object Created****
[2025-09-28 07:45:28] [INFO ] [ObjectTests_New:69] - ******Get Object test****
[2025-09-28 07:45:29] [INFO ] [ObjectTests_New:83] - ******Update Object test****
[2025-09-28 07:45:29] [INFO ] [ObjectTests_New:109] - ******Delete Object test****
[2025-09-28 07:47:33] [INFO ] [ObjectTests_New:53] - ******Object Creation test****
[2025-09-28 07:47:35] [INFO ] [ObjectTests_New:61] - ******Object Created****
[2025-09-28 07:47:35] [INFO ] [ObjectTests_New:69] - ******Get Object test****
[2025-09-28 07:47:36] [INFO ] [ObjectTests_New:83] - ******Update Object test****
[2025-09-28 07:47:36] [INFO ] [ObjectTests_New:109] - ******Delete Object test****
[2025-09-28 08:17:51] [INFO ] [UserTests:44] - ******Employee Creation test****
[2025-09-28 08:17:54] [INFO ] [UserTests:58] - ******Employee Creation test****
[2025-09-28 08:17:57] [INFO ] [EmployeeTests:40] - ******Employee Creation test****
[2025-09-28 08:17:59] [INFO ] [EmployeeTests:75] - ******Employee Creation test****
[2025-09-28 08:18:42] [INFO ] [ObjectTests_New:53] - ******Object Creation test****
[2025-09-28 08:18:42] [INFO ] [ObjectTests_New:61] - ******Object Created****
[2025-09-28 08:18:42] [INFO ] [ObjectTests_New:69] - ******Get Object test****
[2025-09-28 08:18:42] [INFO ] [ObjectTests_New:83] - ******Update Object test****
[2025-09-28 08:18:43] [INFO ] [ObjectTests_New:109] - ******Delete Object test****
[2025-09-28 12:26:50] [INFO ] [UserTests:44] - ******Employee Creation test****
[2025-09-28 12:26:53] [INFO ] [UserTests:58] - ******Employee Creation test****
[2025-09-28 12:26:58] [INFO ] [EmployeeTests:40] - ******Employee Creation test****
[2025-09-28 12:27:00] [INFO ] [EmployeeTests:75] - ******Employee Creation test****
[2025-09-28 12:27:44] [INFO ] [ObjectTests_New:53] - ******Object Creation test****
[2025-09-28 12:27:44] [INFO ] [ObjectTests_New:61] - ******Object Created****
[2025-09-28 12:27:44] [INFO ] [ObjectTests_New:69] - ******Get Object test****
[2025-09-28 12:27:45] [INFO ] [ObjectTests_New:83] - ******Update Object test****
[2025-09-28 12:27:45] [INFO ] [ObjectTests_New:109] - ******Delete Object test****
